<?xml version="1.0" encoding="UTF-8"?>
<!-- Generated by org.testng.reporters.JUnitReportReporter -->
<testsuite hostname="DESKTOP-OKM48CQ" failures="0" tests="1" name="org.testngsample.TestngSample" time="0.043" errors="0" timestamp="19 Mar 2022 15:35:12 GMT" skipped="0">
  <testcase classname="org.testngsample.TestngSample" name="test1" time="0.043"/>
</testsuite> <!-- org.testngsample.TestngSample -->
